<?xml version="1.0" encoding="utf-8"?><testsuites><testsuite name="pytest" errors="1" failures="0" skipped="0" tests="1" time="3.238" timestamp="2022-08-21T00:07:30.082407" hostname="DESKTOP-V810M7I"><testcase classname="" name="test_app" time="0.000"><error message="collection failure">ImportError while importing test module 'C:\Users\squ_a\OneDrive\Рабочий стол\DAN-IT\final_project\phonebook-app\tests\test_app.py'.
Hint: make sure your test modules/packages have valid Python names.
Traceback:
C:\Users\squ_a\AppData\Local\Programs\Python\Python310\lib\importlib\__init__.py:126: in import_module
    return _bootstrap._gcd_import(name[level:], package, level)
test_app.py:1: in &lt;module&gt;
    from app import *
app.py:3: in &lt;module&gt;
    from flaskext.mysql import MySQL
E   ModuleNotFoundError: No module named 'flaskext'</error></testcase></testsuite></testsuites>