<?xml version="1.0" encoding="utf-8"?><testsuites><testsuite name="pytest" errors="0" failures="0" skipped="0" tests="5" time="29.174" timestamp="2022-08-21T00:57:47.381456" hostname="DESKTOP-V810M7I"><testcase classname="test_app" name="test_insert_persons" time="4.258" /><testcase classname="test_app" name="test_find_persons_yes" time="0.008" /><testcase classname="test_app" name="test_find_persons_not" time="0.007" /><testcase classname="test_app" name="test_update_person" time="0.004" /><testcase classname="test_app" name="test_delete_person" time="2.309" /></testsuite></testsuites>